<?xml version="1.0" encoding="UTF-8" ?>
<testsuite tests="1" failures="0" name="com.camunda.demo.springboot.OrderProcessTest" time="0.729" errors="0" skipped="1">
  <properties>
[...]
</properties>
  <testcase classname="com.camunda.demo.springboot.OrderProcessTest" name="testOrderHappyPath" time="0.729">
    <skipped/>
    <system-out>13:06:17.124 [main] DEBUG org.springframework.test.context.junit4.SpringJUnit4ClassRunner - SpringJUnit4ClassRunner constructor called with [class com.camunda.demo.springboot.OrderProcessTest]
13:06:17.137 [main] DEBUG org.springframework.test.context.BootstrapUtils - Instantiating CacheAwareContextLoaderDelegate from class [org.springframework.test.context.cache.DefaultCacheAwareContextLoaderDelegate]
13:06:17.147 [main] DEBUG org.springframework.test.context.BootstrapUtils - Instantiating BootstrapContext using constructor [public org.springframework.test.context.support.DefaultBootstrapContext(java.lang.Class,org.springframework.test.context.CacheAwareContextLoaderDelegate)]
13:06:17.178 [main] DEBUG org.springframework.test.context.BootstrapUtils - Instantiating TestContextBootstrapper for test class [com.camunda.demo.springboot.OrderProcessTest] from class [org.springframework.boot.test.context.SpringBootTestContextBootstrapper]
13:06:17.207 [main] INFO org.springframework.boot.test.context.SpringBootTestContextBootstrapper - Neither @ContextConfiguration nor @ContextHierarchy found for test class [com.camunda.demo.springboot.OrderProcessTest], using SpringBootContextLoader
13:06:17.211 [main] DEBUG org.springframework.test.context.support.AbstractContextLoader - Did not detect default resource location for test class [com.camunda.demo.springboot.OrderProcessTest]: class path resource [com/camunda/demo/springboot/OrderProcessTest-context.xml] does not exist
13:06:17.212 [main] DEBUG org.springframework.test.context.support.AbstractContextLoader - Did not detect default resource location for test class [com.camunda.demo.springboot.OrderProcessTest]: class path resource [com/camunda/demo/springboot/OrderProcessTestContext.groovy] does not exist
13:06:17.212 [main] INFO org.springframework.test.context.support.AbstractContextLoader - Could not detect default resource locations for test class [com.camunda.demo.springboot.OrderProcessTest]: no resource found for suffixes {-context.xml, Context.groovy}.
13:06:17.349 [main] DEBUG org.springframework.context.annotation.ClassPathScanningCandidateComponentProvider - Identified candidate component class: file [/Users/stephde/git/camunda-kafka-java/workflow-engine/target/classes/com/camunda/demo/springboot/Application.class]
13:06:17.350 [main] INFO org.springframework.boot.test.context.SpringBootTestContextBootstrapper - Found @SpringBootConfiguration com.camunda.demo.springboot.Application for test class com.camunda.demo.springboot.OrderProcessTest
13:06:17.493 [main] DEBUG org.springframework.boot.test.context.SpringBootTestContextBootstrapper - @TestExecutionListeners is not present for class [com.camunda.demo.springboot.OrderProcessTest]: using defaults.
13:06:17.494 [main] INFO org.springframework.boot.test.context.SpringBootTestContextBootstrapper - Loaded default TestExecutionListener class names from location [META-INF/spring.factories]: [org.springframework.boot.test.mock.mockito.MockitoTestExecutionListener, org.springframework.boot.test.mock.mockito.ResetMocksTestExecutionListener, org.springframework.boot.test.autoconfigure.restdocs.RestDocsTestExecutionListener, org.springframework.boot.test.autoconfigure.web.client.MockRestServiceServerResetTestExecutionListener, org.springframework.boot.test.autoconfigure.web.servlet.MockMvcPrintOnlyOnFailureTestExecutionListener, org.springframework.boot.test.autoconfigure.web.servlet.WebDriverTestExecutionListener, org.springframework.test.context.web.ServletTestExecutionListener, org.springframework.test.context.support.DirtiesContextBeforeModesTestExecutionListener, org.springframework.test.context.support.DependencyInjectionTestExecutionListener, org.springframework.test.context.support.DirtiesContextTestExecutionListener, org.springframework.test.context.transaction.TransactionalTestExecutionListener, org.springframework.test.context.jdbc.SqlScriptsTestExecutionListener]
13:06:17.521 [main] INFO org.springframework.boot.test.context.SpringBootTestContextBootstrapper - Using TestExecutionListeners: [org.springframework.test.context.web.ServletTestExecutionListener@ea6147e, org.springframework.test.context.support.DirtiesContextBeforeModesTestExecutionListener@4d02f94e, org.springframework.boot.test.mock.mockito.MockitoTestExecutionListener@2b48a640, org.springframework.boot.test.autoconfigure.SpringBootDependencyInjectionTestExecutionListener@1e683a3e, org.springframework.test.context.support.DirtiesContextTestExecutionListener@2053d869, org.springframework.test.context.transaction.TransactionalTestExecutionListener@7a419da4, org.springframework.test.context.jdbc.SqlScriptsTestExecutionListener@14555e0a, org.springframework.boot.test.mock.mockito.ResetMocksTestExecutionListener@4bb33f74, org.springframework.boot.test.autoconfigure.restdocs.RestDocsTestExecutionListener@759d26fb, org.springframework.boot.test.autoconfigure.web.client.MockRestServiceServerResetTestExecutionListener@3c73951, org.springframework.boot.test.autoconfigure.web.servlet.MockMvcPrintOnlyOnFailureTestExecutionListener@3d5c822d, org.springframework.boot.test.autoconfigure.web.servlet.WebDriverTestExecutionListener@6f46426d]
13:06:17.523 [main] DEBUG org.springframework.test.annotation.ProfileValueUtils - Retrieved @ProfileValueSourceConfiguration [null] for test class [com.camunda.demo.springboot.OrderProcessTest]
13:06:17.525 [main] DEBUG org.springframework.test.annotation.ProfileValueUtils - Retrieved ProfileValueSource type [class org.springframework.test.annotation.SystemProfileValueSource] for class [com.camunda.demo.springboot.OrderProcessTest]
13:06:17.526 [main] DEBUG org.springframework.test.annotation.ProfileValueUtils - Retrieved @ProfileValueSourceConfiguration [null] for test class [com.camunda.demo.springboot.OrderProcessTest]
13:06:17.527 [main] DEBUG org.springframework.test.annotation.ProfileValueUtils - Retrieved ProfileValueSource type [class org.springframework.test.annotation.SystemProfileValueSource] for class [com.camunda.demo.springboot.OrderProcessTest]
</system-out>
  </testcase>
</testsuite>